
;;; CLC v1.5 compiling SS:<VICTOR.FLAVORS>F1.CLISP.1

Compiling "SS:<VICTOR.FLAVORS>F1.CLISP.1".

extract-doc-and-declares compiled.
mydlet compiled.
private-structure-printer compiled.
defbits compiled.
my-assoc compiled.
nreversef compiled.
dovec compiled.
with-stacks compiled.
set-stack-length compiled.
alloc-tiny-stack compiled.
dealloc-tiny-stack compiled.
flavor-function-name compiled.
set-name compiled.
get-name compiled.
combination-ordering compiled.
combination-mixer compiled.
make-combination compiled.
make-method-env compiled.
method-env-ables compiled.
method-env-defaults compiled.
method-env-numordered compiled.
method-env-p compiled.
make-instance-env compiled.
instance-env-required compiled.
instance-env-p compiled.
instance-env-vector compiled.
ables-outside-accessible compiled.
ables-initable compiled.
ables-settable compiled.
ables-gettable compiled.
var-able compiled.
make-env compiled.
default-handler compiled.
changed-iv-keywords compiled.
changed-init-keywords compiled.
changed-default-plist compiled.
changed-required-inits compiled.
changed-required-methods compiled.
changed-all-methods compiled.
changed-iv-inits compiled.
changed-iv-order compiled.
changed-required-ivs compiled.
changed-required-flavors compiled.
changed-components compiled.
flags-wayward-p compiled.
flags-compiled-p compiled.
flags-defined-p compiled.
flags-abstract-p compiled.
flags-vanilla-p compiled.
make-flavor compiled.
flavor-changed-methods compiled.
flavor-instance-env compiled.
flavor-all-components+ compiled.
flavor-methods compiled.
flavor-flags compiled.
flavor-changed compiled.
flavor-dependents compiled.
flavor-iv-keywords* compiled.
flavor-default-plist* compiled.
flavor-init-keywords* compiled.
flavor-required-inits* compiled.
flavor-descriptor compiled.
flavor-prefix compiled.
flavor-combinations compiled.
flavor-method-env compiled.
flavor-required-inits compiled.
flavor-init-keywords compiled.
flavor-default-plist compiled.
flavor-required-methods compiled.
flavor-required-flavors compiled.
flavor-included-flavors compiled.
flavor-components compiled.
flavor-name compiled.
flavor-p compiled.
print-flavor compiled.
flavor-defined-p compiled.
flavor-has-vanilla-p compiled.
flavor-abstract-p compiled.
flavor-compiled-p compiled.
flavor-wayward-p compiled.
flavor-instantiated-p compiled.
get-flavor compiled.
flavor-dirty-p compiled.
rework-flavor compiled.
rework-methods compiled.
do-inheriting-flavors compiled.
message-clean-p compiled.
reconstruct-defflavor compiled.
make-method-structure compiled.
method-structure-types compiled.
method-structure-methods compiled.
method-structure-p compiled.
%get-method-types compiled.
get-method-types compiled.
do-methods compiled.
method-types compiled.
method-add compiled.
method-find compiled.
calculate-instance-env compiled.
defflavor compiled.
%flavor-forms compiled.
%defflavor compiled.
without-cleaning-flavors compiled.
dissociate-instances compiled.
descriptor-set-handlers compiled.
flavor-set-handlers compiled.
flavor-all-components compiled.
internal-cleanup-flavor compiled.
order-flavors passed uncompiled.
cleanup-all-flavors compiled.
cleanup-flavor compiled.
recompile-flavor compiled.
compile-flavor compiled.
compiler-compile-flavors passed uncompiled.
get-slot compiled.
method-list compiled.
call-methods compiled.
wrapper-mix compiled.
defcombination-ordering compiled.
order-methods compiled.
order-wrappers compiled.
defcombination compiled.
symeval-in-instance compiled.
set-in-instance compiled.
get-handler-for compiled.
lexpr-funcall-self compiled.
funcall-self compiled.
flavor-allowed-init-keywords compiled.
flavor-allows-init-keyword-p compiled.
make-instance compiled.
undefflavor compiled.
undefmethod compiled.
%undefmethod compiled.
defwrapper compiled.
defmethod compiled.
%defmethod compiled.
defwhopper compiled.
continue-whopper-all compiled.
continue-whopper compiled.
lexpr-continue-whopper compiled.

Finished "SS:<VICTOR.FLAVORS>F1.CLISP.1".
Wall time 897071 ms; Run time 322016 ms.
(Assumed) functions, called but not declared or defined: 
(internal-cleanup-flavor-internal-20)