
;;; CLC v1.5 compiling SS:<VICTOR.FLAVORS>KERNEL.CLISP.6

Compiling "SS:<VICTOR.FLAVORS>KERNEL.CLISP.6".

extract-doc-and-declares compiled.
self-and-descriptor compiled.
private-structure-printer compiled.
make-iv-env compiled.
iv-env-bindings* compiled.
iv-env-vector compiled.
iv-env-p compiled.
iv-env-bindings compiled.
internal-make-id compiled.
instance-descriptor-env compiled.
instance-descriptor-instantiated-p compiled.
instance-descriptor-default-entry compiled.
instance-descriptor-table compiled.
instance-descriptor-type compiled.
instance-descriptor-send-fn compiled.
copy-instance-descriptor compiled.
make-instance-descriptor compiled.
make-entry compiled.
entry-cmap compiled.
entry-map compiled.
entry-function compiled.
copy-entry compiled.
make-method compiled.
method-current-symbol compiled.
method-ivs compiled.
method-calls compiled.
method-fn-name compiled.
methodp compiled.
method-called-methods compiled.
method-defined-p compiled.
funcall-entry compiled.
apply-entry compiled.
get-message compiled.
defun-default-handler compiled.
flavor-send compiled.
handle-message compiled.
unhandle-message compiled.
get-handler compiled.
do-handlers compiled.
instantiate-instance-descriptor compiled.
resize-instances compiled.
do-instance-resizing compiled.
freeze-entry compiled.
freeze-instances compiled.
unfreeze-instances compiled.
non-method compiled.
map-ivs compiled.
do-map-method compiled.
remap-method compiled.
update-method compiled.
internal-define-method compiled.
iv compiled.
iv-bound-p compiled.
find-method compiled.
interpreter-find-method compiled.
compiler-find-method compiled.
install-method compiled.
method-call compiled.
method-apply compiled.